*** Error in `./cache_part3': double free or corruption (out): 0x00007fa8f4634010 ***
======= Backtrace: =========
/lib64/libc.so.6(+0x81679)[0x7fa9106c3679]
./cache_part3(main+0x366)[0x401056]
/lib64/libc.so.6(__libc_start_main+0xf5)[0x7fa910664505]
./cache_part3[0x4010d0]
======= Memory map: ========
00400000-00405000 r-xp 00000000 00:28 251265267                          /home/lsu018/cs211/ErYaoYao/lab1/build/cache_part3
00604000-00605000 r--p 00004000 00:28 251265267                          /home/lsu018/cs211/ErYaoYao/lab1/build/cache_part3
00605000-00606000 rw-p 00005000 00:28 251265267                          /home/lsu018/cs211/ErYaoYao/lab1/build/cache_part3
01331000-01352000 rw-p 00000000 00:00 0                                  [heap]
7fa8d87bd000-7fa8dafa2000 rw-p 00000000 00:00 0 
7fa8dafa2000-7fa8dc348000 r-xp 00000000 00:28 707141475                  /home/act-software/opt/intel/composer_xe_2013.3.163/mkl/lib/intel64/libmkl_def.so
7fa8dc348000-7fa8dc547000 ---p 013a6000 00:28 707141475                  /home/act-software/opt/intel/composer_xe_2013.3.163/mkl/lib/intel64/libmkl_def.so
7fa8dc547000-7fa8dc61d000 r--p 013a5000 00:28 707141475                  /home/act-software/opt/intel/composer_xe_2013.3.163/mkl/lib/intel64/libmkl_def.so
7fa8dc61d000-7fa8dc623000 rw-p 0147b000 00:28 707141475                  /home/act-software/opt/intel/composer_xe_2013.3.163/mkl/lib/intel64/libmkl_def.so
7fa8dc628000-7fa8f6635000 rw-p 00000000 00:00 0 
7fa90c000000-7fa90c021000 rw-p 00000000 00:00 0 
7fa90c021000-7fa910000000 ---p 00000000 00:00 0 
7fa91042a000-7fa91043f000 r-xp 00000000 fd:00 33562337                   /usr/lib64/libgcc_s-4.8.5-20150702.so.1
7fa91043f000-7fa91063e000 ---p 00015000 fd:00 33562337                   /usr/lib64/libgcc_s-4.8.5-20150702.so.1
7fa91063e000-7fa91063f000 r--p 00014000 fd:00 33562337                   /usr/lib64/libgcc_s-4.8.5-20150702.so.1
7fa91063f000-7fa910640000 rw-p 00015000 fd:00 33562337                   /usr/lib64/libgcc_s-4.8.5-20150702.so.1
7fa910642000-7fa910805000 r-xp 00000000 fd:00 33561356                   /usr/lib64/libc-2.17.so
7fa910805000-7fa910a05000 ---p 001c3000 fd:00 33561356                   /usr/lib64/libc-2.17.so
7fa910a05000-7fa910a09000 r--p 001c3000 fd:00 33561356                   /usr/lib64/libc-2.17.so
7fa910a09000-7fa910a0b000 rw-p 001c7000 fd:00 33561356                   /usr/lib64/libc-2.17.so
7fa910a0b000-7fa910a10000 rw-p 00000000 00:00 0 
7fa910a12000-7fa910a14000 r-xp 00000000 fd:00 33561392                   /usr/lib64/libdl-2.17.so
7fa910a14000-7fa910c14000 ---p 00002000 fd:00 33561392                   /usr/lib64/libdl-2.17.so
7fa910c14000-7fa910c15000 r--p 00002000 fd:00 33561392                   /usr/lib64/libdl-2.17.so
7fa910c15000-7fa910c16000 rw-p 00003000 fd:00 33561392                   /usr/lib64/libdl-2.17.so
7fa910c1a000-7fa910d1b000 r-xp 00000000 fd:00 33561394                   /usr/lib64/libm-2.17.so
7fa910d1b000-7fa910f1a000 ---p 00101000 fd:00 33561394                   /usr/lib64/libm-2.17.so
7fa910f1a000-7fa910f1b000 r--p 00100000 fd:00 33561394                   /usr/lib64/libm-2.17.so
7fa910f1b000-7fa910f1c000 rw-p 00101000 fd:00 33561394                   /usr/lib64/libm-2.17.so
7fa910f22000-7fa910f39000 r-xp 00000000 fd:00 33791489                   /usr/lib64/libpthread-2.17.so
7fa910f39000-7fa911138000 ---p 00017000 fd:00 33791489                   /usr/lib64/libpthread-2.17.so
7fa911138000-7fa911139000 r--p 00016000 fd:00 33791489                   /usr/lib64/libpthread-2.17.so
7fa911139000-7fa91113a000 rw-p 00017000 fd:00 33791489                   /usr/lib64/libpthread-2.17.so
7fa91113a000-7fa91113e000 rw-p 00000000 00:00 0 
7fa911142000-7fa912142000 r-xp 00000000 00:28 707141474                  /home/act-software/opt/intel/composer_xe_2013.3.163/mkl/lib/intel64/libmkl_core.so
7fa912142000-7fa912341000 ---p 01000000 00:28 707141474                  /home/act-software/opt/intel/composer_xe_2013.3.163/mkl/lib/intel64/libmkl_core.so
7fa912341000-7fa91237e000 r--p 00fff000 00:28 707141474                  /home/act-software/opt/intel/composer_xe_2013.3.163/mkl/lib/intel64/libmkl_core.so
7fa91237e000-7fa912388000 rw-p 0103c000 00:28 707141474                  /home/act-software/opt/intel/composer_xe_2013.3.163/mkl/lib/intel64/libmkl_core.so
7fa912388000-7fa9123a2000 rw-p 00000000 00:00 0 
7fa9123a2000-7fa912843000 r-xp 00000000 00:28 707141503                  /home/act-software/opt/intel/composer_xe_2013.3.163/mkl/lib/intel64/libmkl_sequential.so
7fa912843000-7fa912a42000 ---p 004a1000 00:28 707141503                  /home/act-software/opt/intel/composer_xe_2013.3.163/mkl/lib/intel64/libmkl_sequential.so
7fa912a42000-7fa912a43000 r--p 004a0000 00:28 707141503                  /home/act-software/opt/intel/composer_xe_2013.3.163/mkl/lib/intel64/libmkl_sequential.so
7fa912a43000-7fa912a4f000 rw-p 004a1000 00:28 707141503                  /home/act-software/opt/intel/composer_xe_2013.3.163/mkl/lib/intel64/libmkl_sequential.so
7fa912a52000-7fa912f56000 r-xp 00000000 00:28 707141483                  /home/act-software/opt/intel/composer_xe_2013.3.163/mkl/lib/intel64/libmkl_intel_ilp64.so
7fa912f56000-7fa913155000 ---p 00504000 00:28 707141483                  /home/act-software/opt/intel/composer_xe_2013.3.163/mkl/lib/intel64/libmkl_intel_ilp64.so
7fa913155000-7fa913157000 r--p 00503000 00:28 707141483                  /home/act-software/opt/intel/composer_xe_2013.3.163/mkl/lib/intel64/libmkl_intel_ilp64.so
7fa913157000-7fa913163000 rw-p 00505000 00:28 707141483                  /home/act-software/opt/intel/composer_xe_2013.3.163/mkl/lib/intel64/libmkl_intel_ilp64.so
7fa913163000-7fa913168000 rw-p 00000000 00:00 0 
7fa91316a000-7fa914cfa000 r-xp 00000000 00:28 707141458                  /home/act-software/opt/intel/composer_xe_2013.3.163/mkl/lib/intel64/libmkl_avx2.so
7fa914cfa000-7fa914ef9000 ---p 01b90000 00:28 707141458                  /home/act-software/opt/intel/composer_xe_2013.3.163/mkl/lib/intel64/libmkl_avx2.so
7fa914ef9000-7fa914f06000 r--p 01b8f000 00:28 707141458                  /home/act-software/opt/intel/composer_xe_2013.3.163/mkl/lib/intel64/libmkl_avx2.so
7fa914f06000-7fa914f0c000 rw-p 01b9c000 00:28 707141458                  /home/act-software/opt/intel/composer_xe_2013.3.163/mkl/lib/intel64/libmkl_avx2.so
7fa914f12000-7fa914f34000 r-xp 00000000 fd:00 33561382                   /usr/lib64/ld-2.17.so
7fa91512c000-7fa915133000 rw-p 00000000 00:00 0 
7fa915133000-7fa915134000 r--p 00021000 fd:00 33561382                   /usr/lib64/ld-2.17.so
7fa915134000-7fa915135000 rw-p 00022000 fd:00 33561382                   /usr/lib64/ld-2.17.so
7fa915135000-7fa915137000 rw-p 00000000 00:00 0 
7fa915137000-7fa915139000 rw-p 00000000 00:00 0 
7ffe708cb000-7ffe708ec000 rw-p 00000000 00:00 0                          [stack]
7ffe70932000-7ffe70934000 r-xp 00000000 00:00 0                          [vdso]
ffffffffff600000-ffffffffff601000 r-xp 00000000 00:00 0                  [vsyscall]
./data.sh: line 8: 11458 Aborted                 ./cache_part3 >> $output_name
